{"/home/liliane_aquino/tddMocha/sum.js":{"path":"/home/liliane_aquino/tddMocha/sum.js","s":{"1":1,"2":3,"3":1,"4":2},"b":{"1":[1,2],"2":[3,3]},"f":{"1":3},"fnMap":{"1":{"name":"sum","line":2,"loc":{"start":{"line":2,"column":17},"end":{"line":2,"column":53}}}},"statementMap":{"1":{"start":{"line":2,"column":0},"end":{"line":9,"column":2}},"2":{"start":{"line":6,"column":4},"end":{"line":6,"column":55}},"3":{"start":{"line":6,"column":47},"end":{"line":6,"column":54}},"4":{"start":{"line":8,"column":4},"end":{"line":8,"column":35}}},"branchMap":{"1":{"line":6,"type":"if","locations":[{"start":{"line":6,"column":4},"end":{"line":6,"column":4}},{"start":{"line":6,"column":4},"end":{"line":6,"column":4}}]},"2":{"line":6,"type":"binary-expr","locations":[{"start":{"line":6,"column":7},"end":{"line":6,"column":23}},{"start":{"line":6,"column":26},"end":{"line":6,"column":44}}]}}}}